根据对代码库的全面分析，我现在可以给出关于 Gitea 工具可用性的明确说明。

## Gitea 工具能力说明

### ✅ 当前环境中 Gitea 工具已集成并可用的功能

系统中已完整集成了 Gitea API 客户端和一套完整的代码操作工具链，位于 `code/python-service/app/coder/` 目录下。

---

### 📋 配置要求

Gitea 工具需要以下环境变量配置：

| 变量 | 默认值 | 说明 |
|------|--------|------|
| `GITEA_URL` | `http://gitea:3000` | Gitea 服务器地址 |
| `GITEA_TOKEN` | (空) | **必需** - API 访问令牌 |
| `GITEA_ORG` | `openklos` | 组织名称 |

**注意**: `GITEA_TOKEN` 必须通过环境变量设置，否则大部分功能将无法使用。

---

### 🛠️ 可用的 Gitea 操作工具

系统提供了以下 9 个 Gitea 相关工具：

| 工具名称 | 功能 | 需要 Token |
|----------|------|-----------|
| `list_repos` | 列出组织中的所有仓库 | ✅ |
| `clone_repo` | 克隆仓库并创建新分支 | ✅ |
| `read_file` | 读取仓库中的文件内容 | ❌ (需先 clone) |
| `list_dir` | 列出目录结构 (JSON 树) | ❌ (需先 clone) |
| `search_files` | 按文件名或内容搜索文件 | ❌ (需先 clone) |
| `write_file` | 创建或覆盖文件 | ❌ (需先 clone) |
| `edit_file` | 替换文件中的特定字符串 | ❌ (需先 clone) |
| `commit_and_push` | 提交并推送分支到 Gitea | ✅ |
| `create_pr` | 创建 Pull Request | ✅ |

---

### 🔄 典型工作流程

```
1. list_repos              → 查看可用仓库
2. clone_repo(repo, branch) → 克隆仓库并创建功能分支
3. read_file / list_dir / search_files → 浏览代码
4. write_file / edit_file   → 修改代码
5. commit_and_push(message) → 提交并推送
6. create_pr(title, body)   → 创建 PR
```

---

### ⚠️ 限制与约束

1. **令牌依赖**: 除本地文件操作外，所有 Gitea API 调用都需要有效的 `GITEA_TOKEN`
2. **仓库黑名单**: 以下仓库禁止修改：`desktop`, `evolution-core`, `coder-core`
3. **单次任务限制**: 每个任务只能创建一个 PR
4. **分支限制**: PR 始终合并到 `main` 分支
5. **路径安全**: 文件操作被限制在克隆的仓库目录内，防止路径逃逸

---

### 🔍 当前环境状态检查

根据 `docker-compose.yaml` 配置：
- Gitea URL 默认为 `http://gitea:3000` (Docker 内部网络)
- `GITEA_TOKEN` 当前为空，需要从外部传入
- 组织名默认为 `openklos`

**要验证 Gitea 连接状态**，可以运行测试脚本：
```bash
python /workspace/test_gitea.py
```

---

### 📌 总结

| 能力项 | 状态 |
|--------|------|
| Gitea API 客户端 | ✅ 已实现 |
| 仓库列表 | ✅ 支持 |
| 代码克隆 | ✅ 支持 |
| 文件读写 | ✅ 支持 |
| 代码搜索 | ✅ 支持 |
| Git 提交推送 | ✅ 支持 |
| 创建 PR | ✅ 支持 |
| 代码审查 | ⚠️ 需通过 Gitea Web UI |
| 合并部署 | ⚠️ 需通过 Gitea Web UI 或额外配置 |
| 当前 Token 配置 | ❓ 需检查环境变量 |

**结论**: Gitea 工具链已完整集成，但需要正确配置 `GITEA_TOKEN` 环境变量才能执行需要认证的操作（列表仓库、克隆、推送、创建 PR 等）。根据对代码库的全面分析，我现在可以给出关于 Gitea 工具可用性的明确说明。

## Gitea 工具能力说明

### ✅ 当前环境中 Gitea 工具已集成并可用的功能

系统中已完整集成了 Gitea API 客户端和一套完整的代码操作工具链，位于 `code/python-service/app/coder/` 目录下。

---

### 📋 配置要求

Gitea 工具需要以下环境变量配置：

| 变量 | 默认值 | 说明 |
|------|--------|------|
| `GITEA_URL` | `http://gitea:3000` | Gitea 服务器地址 |
| `GITEA_TOKEN` | (空) | **必需** - API 访问令牌 |
| `GITEA_ORG` | `openklos` | 组织名称 |

**注意**: `GITEA_TOKEN` 必须通过环境变量设置，否则大部分功能将无法使用。

---

### 🛠️ 可用的 Gitea 操作工具

系统提供了以下 9 个 Gitea 相关工具：

| 工具名称 | 功能 | 需要 Token |
|----------|------|-----------|
| `list_repos` | 列出组织中的所有仓库 | ✅ |
| `clone_repo` | 克隆仓库并创建新分支 | ✅ |
| `read_file` | 读取仓库中的文件内容 | ❌ (需先 clone) |
| `list_dir` | 列出目录结构 (JSON 树) | ❌ (需先 clone) |
| `search_files` | 按文件名或内容搜索文件 | ❌ (需先 clone) |
| `write_file` | 创建或覆盖文件 | ❌ (需先 clone) |
| `edit_file` | 替换文件中的特定字符串 | ❌ (需先 clone) |
| `commit_and_push` | 提交并推送分支到 Gitea | ✅ |
| `create_pr` | 创建 Pull Request | ✅ |

---

### 🔄 典型工作流程

```
1. list_repos              → 查看可用仓库
2. clone_repo(repo, branch) → 克隆仓库并创建功能分支
3. read_file / list_dir / search_files → 浏览代码
4. write_file / edit_file   → 修改代码
5. commit_and_push(message) → 提交并推送
6. create_pr(title, body)   → 创建 PR
```

---

### ⚠️ 限制与约束

1. **令牌依赖**: 除本地文件操作外，所有 Gitea API 调用都需要有效的 `GITEA_TOKEN`
2. **仓库黑名单**: 以下仓库禁止修改：`desktop`, `evolution-core`, `coder-core`
3. **单次任务限制**: 每个任务只能创建一个 PR
4. **分支限制**: PR 始终合并到 `main` 分支
5. **路径安全**: 文件操作被限制在克隆的仓库目录内，防止路径逃逸

---

### 🔍 当前环境状态检查

根据 `docker-compose.yaml` 配置：
- Gitea URL 默认为 `http://gitea:3000` (Docker 内部网络)
- `GITEA_TOKEN` 当前为空，需要从外部传入
- 组织名默认为 `openklos`

**要验证 Gitea 连接状态**，可以运行测试脚本：
```bash
python /workspace/test_gitea.py
```

---

### 📌 总结

| 能力项 | 状态 |
|--------|------|
| Gitea API 客户端 | ✅ 已实现 |
| 仓库列表 | ✅ 支持 |
| 代码克隆 | ✅ 支持 |
| 文件读写 | ✅ 支持 |
| 代码搜索 | ✅ 支持 |
| Git 提交推送 | ✅ 支持 |
| 创建 PR | ✅ 支持 |
| 代码审查 | ⚠️ 需通过 Gitea Web UI |
| 合并部署 | ⚠️ 需通过 Gitea Web UI 或额外配置 |
| 当前 Token 配置 | ❓ 需检查环境变量 |

**结论**: Gitea 工具链已完整集成，但需要正确配置 `GITEA_TOKEN` 环境变量才能执行需要认证的操作（列表仓库、克隆、推送、创建 PR 等）。